C166 COMPILER V7.57.0, ADC                                                                 10/07/2022 01:01:47 PAGE 1   


C166 COMPILER V7.57.0, COMPILATION OF MODULE ADC
OBJECT MODULE PLACED IN .\Objects\adc.obj
COMPILER INVOKED BY: D:\Keil\C166\BIN\C166.EXE Drivers\adc.c BROWSE MOD167 DEBUG PRINT(.\Listings\adc.lst) TABS(2) OBJEC
                    -T(.\Objects\adc.obj) 

 stmt lvl     source

    1         // a1793769 - Emily Zhang
    2         /**
    3          * File name adc.c
    4          * Description: Function implementations for operations related to the C167 ADC
    5          **/
    6         
    7         /********** Include required submodules**********/
    8         
    9         #include "Drivers/adc.h"
   10         
   11         /********** Function Definitions **********/
   12         
   13         void adcGpioInit(void) {
   14  1        configPinP5(ENCODER_PIN, ANALOGUE);
   15  1        configPinP5(LIDAR_PIN, ANALOGUE);
   16  1      }
   17         
   18         void adcReset(void) { ADCON = 0x0000; }
   19         
   20         unsigned int adcCheckBusy(void) {
   21  1        if (ADCON & (1 << BUSY_BIT)) {
   22  2          return 1;
   23  2        } else {
   24  2          return 0;
   25  2        }
   26  1      }
   27         
   28         float adcRead(unsigned int channel, unsigned int mode) {
   29  1        float result;
   30  1      
   31  1        // set conversion channel
   32  1        ADCON |= (channel << CH_BIT);
   33  1      
   34  1        // set conversion mode
   35  1        ADCON |= (mode << MODE_BIT);
   36  1      
   37  1        // start conversion
   38  1        ADCON |= (ADC_ON << START_BIT);
   39  1      
   40  1        // wait
   41  1        while (adcCheckBusy()) {
   42  2        }
   43  1      
   44  1        // once no longer busy, grab result
   45  1        result = (ADDAT &= 0x3FF);
   46  1      
   47  1        adcReset();
   48  1      
   49  1        return result;
   50  1      }


MODULE INFORMATION:   INITIALIZED  UNINITIALIZED
  CODE SIZE        =          86     --------
C166 COMPILER V7.57.0, ADC                                                                 10/07/2022 01:01:47 PAGE 2   

  NEAR-CONST SIZE  =    --------     --------
  FAR-CONST SIZE   =    --------     --------
  HUGE-CONST SIZE  =    --------     --------
  XHUGE-CONST SIZE =    --------     --------
  NEAR-DATA SIZE   =    --------     --------
  FAR-DATA SIZE    =    --------     --------
  XHUGE-DATA SIZE  =    --------     --------
  IDATA-DATA SIZE  =    --------     --------
  SDATA-DATA SIZE  =    --------     --------
  BDATA-DATA SIZE  =    --------     --------
  HUGE-DATA SIZE   =    --------     --------
  BIT SIZE         =    --------     --------
  INIT'L SIZE      =    --------     --------
END OF MODULE INFORMATION.


C166 COMPILATION COMPLETE.  0 WARNING(S),  0 ERROR(S)
