C166 COMPILER V7.57.0, DOORS                                                               10/05/2022 12:07:04 PAGE 1   


C166 COMPILER V7.57.0, COMPILATION OF MODULE DOORS
OBJECT MODULE PLACED IN .\Objects\doors.obj
COMPILER INVOKED BY: D:\Keil\C166\BIN\C166.EXE Drivers\doors.c BROWSE MOD167 DEBUG PRINT(.\Listings\doors.lst) TABS(2) O
                    -BJECT(.\Objects\doors.obj) 

 stmt lvl     source

    1         // a1793769 - Emily Zhang
    2         #include "doors.h"
    3         #include "limit_switch.h"
    4         #include "motor.h"
    5         #include "sensor.h"
    6         
    7         // Doors should open when either senseors are high
    8         void doorsOpen(void)
    9         {
   10  1          // Turn off motor
   11  1        motorOff();
   12  1          // Doors should continue to open until fully open
   13  1          // Outer limit switch high indicates door fully open
   14  1          while (checkLimitSwitch() != OUTER_LIMIT_SWITCH_HIGH)
   15  1          {
   16  2              motorRun(CLOCKWISE);
   17  2          }
   18  1        
   19  1          motorOff();
   20  1          return;
   21  1      }
   22         
   23         void doorsClose(void)
   24         {
   25  1        motorOff();
   26  1          // Doors should continue to close until fully closed
   27  1          // Inner limit switch high indicates door fully closed
   28  1          while (checkLimitSwitch() != INNER_LIMIT_SWITCH_HIGH)
   29  1          {
   30  2              // Continue to check sensors while closing.
   31  2              // If person in doorway, open doors
   32  2              if (sensorsRead())
   33  2              {   
   34  3                  doorsOpen();
   35  3              }
   36  2              else
   37  2              {
   38  3                  motorRun(COUNTERCLOCKWISE);
   39  3              }
   40  2          }
   41  1          motorOff();
   42  1          return;
   43  1      }


MODULE INFORMATION:   INITIALIZED  UNINITIALIZED
  CODE SIZE        =          64     --------
  NEAR-CONST SIZE  =    --------     --------
  FAR-CONST SIZE   =    --------     --------
  HUGE-CONST SIZE  =    --------     --------
  XHUGE-CONST SIZE =    --------     --------
  NEAR-DATA SIZE   =    --------     --------
  FAR-DATA SIZE    =    --------     --------
  XHUGE-DATA SIZE  =    --------     --------
C166 COMPILER V7.57.0, DOORS                                                               10/05/2022 12:07:04 PAGE 2   

  IDATA-DATA SIZE  =    --------     --------
  SDATA-DATA SIZE  =    --------     --------
  BDATA-DATA SIZE  =    --------     --------
  HUGE-DATA SIZE   =    --------     --------
  BIT SIZE         =    --------     --------
  INIT'L SIZE      =    --------     --------
END OF MODULE INFORMATION.


C166 COMPILATION COMPLETE.  0 WARNING(S),  0 ERROR(S)
