C166 COMPILER V7.57.0, INTERRUPT                                                           10/05/2022 12:07:04 PAGE 1   


C166 COMPILER V7.57.0, COMPILATION OF MODULE INTERRUPT
OBJECT MODULE PLACED IN .\Objects\interrupt.obj
COMPILER INVOKED BY: D:\Keil\C166\BIN\C166.EXE Drivers\interrupt.c BROWSE MOD167 DEBUG PRINT(.\Listings\interrupt.lst) T
                    -ABS(2) OBJECT(.\Objects\interrupt.obj) 

 stmt lvl     source

    1         #include <reg167.h>
    2         #include "interrupt.h"
    3         
    4         void interruptInit(void)
    5         {
    6  1        IEN = 1; // Enable interrupts
    7  1      
    8  1        // Setup CAPCOM register 12 to capture on 
    9  1        // falling edge (high to low).
   10  1        // This is for our emergency stop
   11  1        CCM3 = 0x02;  
   12  1        
   13  1        // Enable CAPCOM register 12 interrupt with
   14  1        // with ILVL = 1, GLVL = 0
   15  1        CC12IC = 0x44; 
   16  1      }


MODULE INFORMATION:   INITIALIZED  UNINITIALIZED
  CODE SIZE        =          12     --------
  NEAR-CONST SIZE  =    --------     --------
  FAR-CONST SIZE   =    --------     --------
  HUGE-CONST SIZE  =    --------     --------
  XHUGE-CONST SIZE =    --------     --------
  NEAR-DATA SIZE   =    --------     --------
  FAR-DATA SIZE    =    --------     --------
  XHUGE-DATA SIZE  =    --------     --------
  IDATA-DATA SIZE  =    --------     --------
  SDATA-DATA SIZE  =    --------     --------
  BDATA-DATA SIZE  =    --------     --------
  HUGE-DATA SIZE   =    --------     --------
  BIT SIZE         =    --------     --------
  INIT'L SIZE      =    --------     --------
END OF MODULE INFORMATION.


C166 COMPILATION COMPLETE.  0 WARNING(S),  0 ERROR(S)
