C166 COMPILER V7.57.0, MAIN                                                                10/06/2022 12:36:24 PAGE 1   


C166 COMPILER V7.57.0, COMPILATION OF MODULE MAIN
OBJECT MODULE PLACED IN .\Objects\main.obj
COMPILER INVOKED BY: D:\Keil\C166\BIN\C166.EXE Source\main.c BROWSE MOD167 DEBUG PRINT(.\Listings\main.lst) TABS(2) OBJE
                    -CT(.\Objects\main.obj) 

 stmt lvl     source

    1         // a1793769 - Emily Zhang
    2         /*
    3         Main function that controls the flow of the entire
    4         subsystem
    5         */
    6         
    7         /* Include required submodules */
    8         #include "Drivers/aeb.h"
    9         #include "Drivers/adc.h"
   10         #include "Drivers/dac.h"
   11         #include "Drivers/timer.h"
   12         #include "Drivers/platform.h"
   13         #include "encoder.h"
   14         #include "lidar.h"
   15         #include "calculations.h"
   16         #include <reg167.h>
   17         
   18         /* Preprocessor operations */
   19         volatile unsigned int wait_flag; // needs to be global, used by interrupt & main
   20         
   21         void timer_interrupt (void) interrupt 0x26
   22         {
   23  1        T6R = 0;  // stop timer T6
   24  1        wait_flag = 0;
   25  1      }
   26         
   27         void main(void)
   28         {
   29  1        // volatile float distance_buffer[BUFFER_SIZE] = {0xFFFF};
   30  1        volatile float result = 0;
   31  1        volatile unsigned int ready_flag = 0;
   32  1        volatile float buffer[BUFFER_SIZE] = {0};
   33  1      
   34  1        IEN = 1;
   35  1        wait_flag = 0;
   36  1        aebInit(); 
   37  1        adcGpioInit();
   38  1        dacInit();
   39  1        lidarTimerInit();
   40  1        timerT3StartS(6);
   41  1      
   42  1      //  dacWrite((unsigned int)(1000 * DAC_SCALE_FACTOR));
   43  1        
   44  1        while(1)
   45  1        {
   46  2          ready_flag = aebRead();
   47  2          if (ready_flag == 1)
   48  2          {
   49  3            if (wait_flag == 0)
   50  3            {
   51  4              IEN = 0; // disable interrupts for now
   52  4              lidarUpdateBuffer(buffer);
   53  4              calculationsHandler(buffer);
   54  4              result = P2 & 0xFF;
C166 COMPILER V7.57.0, MAIN                                                                10/06/2022 12:36:24 PAGE 2   

   55  4              IEN = 1; // re-enable interrupts
   56  4              wait_flag = 1;
   57  4              timerT6StartMS(10);
   58  4            }
   59  3          }
   60  2        }
   61  1      }


MODULE INFORMATION:   INITIALIZED  UNINITIALIZED
  CODE SIZE        =         154     --------
  NEAR-CONST SIZE  =          12     --------
  FAR-CONST SIZE   =    --------     --------
  HUGE-CONST SIZE  =    --------     --------
  XHUGE-CONST SIZE =    --------     --------
  NEAR-DATA SIZE   =           2     --------
  FAR-DATA SIZE    =    --------     --------
  XHUGE-DATA SIZE  =    --------     --------
  IDATA-DATA SIZE  =    --------     --------
  SDATA-DATA SIZE  =    --------     --------
  BDATA-DATA SIZE  =    --------     --------
  HUGE-DATA SIZE   =    --------     --------
  BIT SIZE         =    --------     --------
  INIT'L SIZE      =    --------     --------
END OF MODULE INFORMATION.


C166 COMPILATION COMPLETE.  0 WARNING(S),  0 ERROR(S)
