C166 COMPILER V7.57.0, MOTOR                                                               10/05/2022 12:07:04 PAGE 1   


C166 COMPILER V7.57.0, COMPILATION OF MODULE MOTOR
OBJECT MODULE PLACED IN .\Objects\motor.obj
COMPILER INVOKED BY: D:\Keil\C166\BIN\C166.EXE Drivers\motor.c BROWSE MOD167 DEBUG PRINT(.\Listings\motor.lst) TABS(2) O
                    -BJECT(.\Objects\motor.obj) 

 stmt lvl     source

    1         // a1793769 - Emily Zhang
    2         #include <reg167.h>
    3         #include "gpio.h"
    4         #include "motor.h"
    5         
    6         // Set pins 0-3 as output
    7         void motorInit(void)
    8         {
    9  1        int i;
   10  1        
   11  1        for (i = 0; i < 4; i++)
   12  1        {
   13  2          setPinDirectionP2(i, OUTPUT);
   14  2        }
   15  1      }
   16         
   17         // Turns the motor in the given direction
   18         void motorRun(unsigned int direction)
   19         {
   20  1        if (direction == CLOCKWISE)
   21  1        {
   22  2          P2 |= CLOCKWISE;
   23  2        }
   24  1        else if (direction == COUNTERCLOCKWISE)
   25  1        {
   26  2          P2 |= COUNTERCLOCKWISE;
   27  2        }
   28  1      }
   29         
   30         // Activate the brakes!
   31         void motorBrake(void)
   32         {
   33  1        
   34  1        clrPinP2(0);
   35  1        setPinP2(1);
   36  1        clrPinP2(2);
   37  1        setPinP2(3);
   38  1      }
   39         
   40         // Set all pins 0-3 to 0
   41         void motorOff(void)
   42         {
   43  1        int i;
   44  1        for (i = 0; i < 4; i++)
   45  1        {
   46  2          clrPinP2(i);;
   47  2        }
   48  1      }


MODULE INFORMATION:   INITIALIZED  UNINITIALIZED
  CODE SIZE        =          86     --------
  NEAR-CONST SIZE  =    --------     --------
  FAR-CONST SIZE   =    --------     --------
C166 COMPILER V7.57.0, MOTOR                                                               10/05/2022 12:07:04 PAGE 2   

  HUGE-CONST SIZE  =    --------     --------
  XHUGE-CONST SIZE =    --------     --------
  NEAR-DATA SIZE   =    --------     --------
  FAR-DATA SIZE    =    --------     --------
  XHUGE-DATA SIZE  =    --------     --------
  IDATA-DATA SIZE  =    --------     --------
  SDATA-DATA SIZE  =    --------     --------
  BDATA-DATA SIZE  =    --------     --------
  HUGE-DATA SIZE   =    --------     --------
  BIT SIZE         =    --------     --------
  INIT'L SIZE      =    --------     --------
END OF MODULE INFORMATION.


C166 COMPILATION COMPLETE.  0 WARNING(S),  0 ERROR(S)
