C166 COMPILER V7.57.0, SENSOR                                                              10/05/2022 12:07:04 PAGE 1   


C166 COMPILER V7.57.0, COMPILATION OF MODULE SENSOR
OBJECT MODULE PLACED IN .\Objects\sensor.obj
COMPILER INVOKED BY: D:\Keil\C166\BIN\C166.EXE Drivers\sensor.c BROWSE MOD167 DEBUG PRINT(.\Listings\sensor.lst) TABS(2)
                    - OBJECT(.\Objects\sensor.obj) 

 stmt lvl     source

    1         // a1793769 - Emily Zhang
    2         #include "sensor.h"
    3         #include "gpio.h"
    4         #include <reg167.h>
    5         
    6          // Set sensor pins to be inputs
    7          void sensorsInit(void)
    8          {
    9  1        setPinDirectionP2(EXTERN_SENSOR_PIN, INPUT);
   10  1        setPinDirectionP2(INTERN_SENSOR_PIN, INPUT);
   11  1       }
   12         
   13         // Read both inner and outer microwave sensors
   14         // if either sensors detect a person (high)
   15         // return 1, else, return 0
   16         unsigned int sensorsRead(void)
   17         {
   18  1        unsigned int externSensor;
   19  1        unsigned int internSensor;
   20  1        
   21  1        // External sensor reading found at P2.8
   22  1        externSensor = readPinP2(EXTERN_SENSOR_PIN);
   23  1      
   24  1        // Internal sensor reading found at P2.9
   25  1        internSensor = readPinP2(INTERN_SENSOR_PIN); 
   26  1      
   27  1        if (externSensor || internSensor)
   28  1        {
   29  2          // will return 1 if either sensors are high
   30  2          return 1U;
   31  2        }
   32  1        else
   33  1        {
   34  2          return 0U;
   35  2        }
   36  1      }


MODULE INFORMATION:   INITIALIZED  UNINITIALIZED
  CODE SIZE        =          54     --------
  NEAR-CONST SIZE  =    --------     --------
  FAR-CONST SIZE   =    --------     --------
  HUGE-CONST SIZE  =    --------     --------
  XHUGE-CONST SIZE =    --------     --------
  NEAR-DATA SIZE   =    --------     --------
  FAR-DATA SIZE    =    --------     --------
  XHUGE-DATA SIZE  =    --------     --------
  IDATA-DATA SIZE  =    --------     --------
  SDATA-DATA SIZE  =    --------     --------
  BDATA-DATA SIZE  =    --------     --------
  HUGE-DATA SIZE   =    --------     --------
  BIT SIZE         =    --------     --------
  INIT'L SIZE      =    --------     --------
END OF MODULE INFORMATION.
C166 COMPILER V7.57.0, SENSOR                                                              10/05/2022 12:07:04 PAGE 2   



C166 COMPILATION COMPLETE.  0 WARNING(S),  0 ERROR(S)
